app/build/intermediates/manifest_merge_blame_file/debug/manifest-merger-blame-debug-report.txt
1<?xml version="1.0" encoding="utf-8"?>
2<manifest xmlns:android="http://schemas.android.com/apk/res/android"
3    package="ws.billy.app"
4    android:versionCode="8"
5    android:versionName="1.2.2" >
6
7    <uses-sdk
8        android:minSdkVersion="19"
8-->src\main\AndroidManifest.xml
9        android:targetSdkVersion="31" />
9-->src\main\AndroidManifest.xml
10
11    <uses-permission android:name="android.permission.INTERNET" />
11-->src\main\AndroidManifest.xml:5:5-67
11-->src\main\AndroidManifest.xml:5:22-64
12    <uses-permission android:name="android.permission.ACCESS_NETWORK_STATE" />
12-->src\main\AndroidManifest.xml:6:5-79
12-->src\main\AndroidManifest.xml:6:22-76
13    <uses-permission android:name="android.permission.ACCESS_FINE_LOCATION" />
13-->src\main\AndroidManifest.xml:7:5-79
13-->src\main\AndroidManifest.xml:7:22-76
14    <uses-permission android:name="android.permission.ACCESS_COARSE_LOCATION" />
14-->src\main\AndroidManifest.xml:8:5-81
14-->src\main\AndroidManifest.xml:8:22-78
15
16    <uses-feature
16-->[com.google.android.gms:play-services-maps:15.0.1] AndroidManifest.xml:26:5-28:35
17        android:glEsVersion="0x00020000"
17-->[com.google.android.gms:play-services-maps:15.0.1] AndroidManifest.xml:27:9-41
18        android:required="true" />
18-->[com.google.android.gms:play-services-maps:15.0.1] AndroidManifest.xml:28:9-32
19
20    <application
20-->src\main\AndroidManifest.xml:10:5-79:19
21        android:name="androidx.multidex.MultiDexApplication"
21-->src\main\AndroidManifest.xml:11:9-61
22        android:allowBackup="true"
22-->src\main\AndroidManifest.xml:12:9-35
23        android:appComponentFactory="androidx.core.app.CoreComponentFactory"
23-->[androidx.core:core:1.3.2] AndroidManifest.xml:24:18-86
24        android:debuggable="true"
25        android:icon="@mipmap/ic_camera"
25-->src\main\AndroidManifest.xml:13:9-41
26        android:label="@string/app_name"
26-->src\main\AndroidManifest.xml:14:9-41
27        android:supportsRtl="true"
27-->src\main\AndroidManifest.xml:15:9-35
28        android:testOnly="true"
29        android:theme="@style/AppTheme" >
29-->src\main\AndroidManifest.xml:16:9-40
30
31        <!--
32             TODO: Before you run your application, you need a Google Maps API key.
33
34             To get one, follow the directions here:
35
36                https://developers.google.com/maps/documentation/android-sdk/get-api-key
37
38             Once you have your API key (it starts with "AIza"), define a new property in your
39             project's local.properties file (e.g. MAPS_API_KEY=Aiza...), and replace the
40             "YOUR_API_KEY" string in this file with "${MAPS_API_KEY}".
41        -->
42        <meta-data
42-->src\main\AndroidManifest.xml:29:9-31:71
43            android:name="com.google.android.geo.API_KEY"
43-->src\main\AndroidManifest.xml:30:13-58
44            android:value="AIzaSyB0SgEzXl3jLFCNfL2cMlpPQ80kDwr3t_U" />
44-->src\main\AndroidManifest.xml:31:13-68
45
46        <uses-library
46-->src\main\AndroidManifest.xml:33:9-35:40
47            android:name="org.apache.http.legacy"
47-->src\main\AndroidManifest.xml:34:13-50
48            android:required="false" />
48-->src\main\AndroidManifest.xml:35:13-37
49
50        <meta-data
50-->src\main\AndroidManifest.xml:37:9-39:69
51            android:name="com.google.android.gms.version"
51-->src\main\AndroidManifest.xml:38:13-58
52            android:value="@integer/google_play_services_version" />
52-->src\main\AndroidManifest.xml:39:13-66
53
54        <activity
54-->src\main\AndroidManifest.xml:41:9-51:20
55            android:name="ws.billy.app.MainActivity"
55-->src\main\AndroidManifest.xml:42:13-41
56            android:exported="true"
56-->src\main\AndroidManifest.xml:43:13-36
57            android:label="@string/app_name"
57-->src\main\AndroidManifest.xml:44:13-45
58            android:theme="@style/AppTheme" >
58-->src\main\AndroidManifest.xml:45:13-44
59            <intent-filter>
59-->src\main\AndroidManifest.xml:46:13-50:29
60                <action android:name="android.intent.action.MAIN" />
60-->src\main\AndroidManifest.xml:47:17-69
60-->src\main\AndroidManifest.xml:47:25-66
61
62                <category android:name="android.intent.category.LAUNCHER" />
62-->src\main\AndroidManifest.xml:49:17-77
62-->src\main\AndroidManifest.xml:49:27-74
63            </intent-filter>
64        </activity>
65        <activity
65-->src\main\AndroidManifest.xml:52:9-55:64
66            android:name="com.google.android.gms.ads.AdActivity"
66-->src\main\AndroidManifest.xml:53:13-65
67            android:configChanges="keyboard|keyboardHidden|orientation|screenLayout|uiMode|screenSize|smallestScreenSize"
67-->src\main\AndroidManifest.xml:54:13-122
68            android:exported="false"
68-->[com.google.android.gms:play-services-ads-lite:15.0.1] AndroidManifest.xml:32:13-37
69            android:theme="@android:style/Theme.Translucent" />
69-->src\main\AndroidManifest.xml:55:13-61
70        <activity
70-->src\main\AndroidManifest.xml:56:9-58:50
71            android:name="ws.billy.app.Code.LoginSignup.LoginSignup.Signup"
71-->src\main\AndroidManifest.xml:57:13-64
72            android:theme="@style/LoginSignup" />
72-->src\main\AndroidManifest.xml:58:13-47
73        <activity
73-->src\main\AndroidManifest.xml:59:9-61:50
74            android:name="ws.billy.app.Code.Activities.Journal.JournalLocation"
74-->src\main\AndroidManifest.xml:60:13-68
75            android:theme="@style/LoginSignup" />
75-->src\main\AndroidManifest.xml:61:13-47
76        <activity
76-->src\main\AndroidManifest.xml:62:9-64:50
77            android:name="ws.billy.app.Code.LoginSignup.LoginSignup.Login"
77-->src\main\AndroidManifest.xml:63:13-63
78            android:theme="@style/LoginSignup" />
78-->src\main\AndroidManifest.xml:64:13-47
79        <activity
79-->src\main\AndroidManifest.xml:65:9-67:50
80            android:name="ws.billy.app.Code.LoginSignup.SplashScreen.SplashScreen"
80-->src\main\AndroidManifest.xml:66:13-71
81            android:theme="@style/SplashTheme" />
81-->src\main\AndroidManifest.xml:67:13-47
82        <activity
82-->src\main\AndroidManifest.xml:68:9-70:53
83            android:name="ws.billy.app.Code.Navigation.Navigation.LoggedinNavigation"
83-->src\main\AndroidManifest.xml:69:13-74
84            android:theme="@style/MenuNavigation" />
84-->src\main\AndroidManifest.xml:70:13-50
85        <activity
85-->src\main\AndroidManifest.xml:71:9-74:55
86            android:name="ws.billy.app.Code.Activities.JournalList.JournalList"
86-->src\main\AndroidManifest.xml:72:13-68
87            android:screenOrientation="portrait"
87-->src\main\AndroidManifest.xml:73:13-49
88            android:theme="@style/JournalListTheme" />
88-->src\main\AndroidManifest.xml:74:13-52
89        <activity
89-->src\main\AndroidManifest.xml:75:9-78:55
90            android:name="ws.billy.app.Code.Activities.Journal.JournalView"
90-->src\main\AndroidManifest.xml:76:13-64
91            android:screenOrientation="portrait"
91-->src\main\AndroidManifest.xml:77:13-49
92            android:theme="@style/JournalListTheme" />
92-->src\main\AndroidManifest.xml:78:13-52
93        <activity
93-->[com.google.firebase:firebase-auth:21.0.1] AndroidManifest.xml:27:9-44:20
94            android:name="com.google.firebase.auth.internal.GenericIdpActivity"
94-->[com.google.firebase:firebase-auth:21.0.1] AndroidManifest.xml:28:13-80
95            android:excludeFromRecents="true"
95-->[com.google.firebase:firebase-auth:21.0.1] AndroidManifest.xml:29:13-46
96            android:exported="true"
96-->[com.google.firebase:firebase-auth:21.0.1] AndroidManifest.xml:30:13-36
97            android:launchMode="singleTask"
97-->[com.google.firebase:firebase-auth:21.0.1] AndroidManifest.xml:31:13-44
98            android:theme="@android:style/Theme.Translucent.NoTitleBar" >
98-->[com.google.firebase:firebase-auth:21.0.1] AndroidManifest.xml:32:13-72
99            <intent-filter>
99-->[com.google.firebase:firebase-auth:21.0.1] AndroidManifest.xml:33:13-43:29
100                <action android:name="android.intent.action.VIEW" />
100-->[com.google.firebase:firebase-auth:21.0.1] AndroidManifest.xml:34:17-69
100-->[com.google.firebase:firebase-auth:21.0.1] AndroidManifest.xml:34:25-66
101
102                <category android:name="android.intent.category.DEFAULT" />
102-->[com.google.firebase:firebase-auth:21.0.1] AndroidManifest.xml:36:17-76
102-->[com.google.firebase:firebase-auth:21.0.1] AndroidManifest.xml:36:27-73
103                <category android:name="android.intent.category.BROWSABLE" />
103-->[com.google.firebase:firebase-auth:21.0.1] AndroidManifest.xml:37:17-78
103-->[com.google.firebase:firebase-auth:21.0.1] AndroidManifest.xml:37:27-75
104
105                <data
105-->[com.google.firebase:firebase-auth:21.0.1] AndroidManifest.xml:39:17-42:51
106                    android:host="firebase.auth"
106-->[com.google.firebase:firebase-auth:21.0.1] AndroidManifest.xml:40:21-49
107                    android:path="/"
107-->[com.google.firebase:firebase-auth:21.0.1] AndroidManifest.xml:41:21-37
108                    android:scheme="genericidp" />
108-->[com.google.firebase:firebase-auth:21.0.1] AndroidManifest.xml:42:21-48
109            </intent-filter>
110        </activity>
111        <activity
111-->[com.google.firebase:firebase-auth:21.0.1] AndroidManifest.xml:45:9-62:20
112            android:name="com.google.firebase.auth.internal.RecaptchaActivity"
112-->[com.google.firebase:firebase-auth:21.0.1] AndroidManifest.xml:46:13-79
113            android:excludeFromRecents="true"
113-->[com.google.firebase:firebase-auth:21.0.1] AndroidManifest.xml:47:13-46
114            android:exported="true"
114-->[com.google.firebase:firebase-auth:21.0.1] AndroidManifest.xml:48:13-36
115            android:launchMode="singleTask"
115-->[com.google.firebase:firebase-auth:21.0.1] AndroidManifest.xml:49:13-44
116            android:theme="@android:style/Theme.Translucent.NoTitleBar" >
116-->[com.google.firebase:firebase-auth:21.0.1] AndroidManifest.xml:50:13-72
117            <intent-filter>
117-->[com.google.firebase:firebase-auth:21.0.1] AndroidManifest.xml:51:13-61:29
118                <action android:name="android.intent.action.VIEW" />
118-->[com.google.firebase:firebase-auth:21.0.1] AndroidManifest.xml:34:17-69
118-->[com.google.firebase:firebase-auth:21.0.1] AndroidManifest.xml:34:25-66
119
120                <category android:name="android.intent.category.DEFAULT" />
120-->[com.google.firebase:firebase-auth:21.0.1] AndroidManifest.xml:36:17-76
120-->[com.google.firebase:firebase-auth:21.0.1] AndroidManifest.xml:36:27-73
121                <category android:name="android.intent.category.BROWSABLE" />
121-->[com.google.firebase:firebase-auth:21.0.1] AndroidManifest.xml:37:17-78
121-->[com.google.firebase:firebase-auth:21.0.1] AndroidManifest.xml:37:27-75
122
123                <data
123-->[com.google.firebase:firebase-auth:21.0.1] AndroidManifest.xml:39:17-42:51
124                    android:host="firebase.auth"
124-->[com.google.firebase:firebase-auth:21.0.1] AndroidManifest.xml:40:21-49
125                    android:path="/"
125-->[com.google.firebase:firebase-auth:21.0.1] AndroidManifest.xml:41:21-37
126                    android:scheme="recaptcha" />
126-->[com.google.firebase:firebase-auth:21.0.1] AndroidManifest.xml:42:21-48
127            </intent-filter>
128        </activity>
129
130        <service
130-->[com.google.firebase:firebase-auth:21.0.1] AndroidManifest.xml:64:9-73:19
131            android:name="com.google.firebase.auth.api.fallback.service.FirebaseAuthFallbackService"
131-->[com.google.firebase:firebase-auth:21.0.1] AndroidManifest.xml:65:13-101
132            android:enabled="true"
132-->[com.google.firebase:firebase-auth:21.0.1] AndroidManifest.xml:66:13-35
133            android:exported="false" >
133-->[com.google.firebase:firebase-auth:21.0.1] AndroidManifest.xml:67:13-37
134            <intent-filter>
134-->[com.google.firebase:firebase-auth:21.0.1] AndroidManifest.xml:68:13-72:29
135                <action android:name="com.google.firebase.auth.api.gms.service.START" />
135-->[com.google.firebase:firebase-auth:21.0.1] AndroidManifest.xml:69:17-89
135-->[com.google.firebase:firebase-auth:21.0.1] AndroidManifest.xml:69:25-86
136
137                <category android:name="android.intent.category.DEFAULT" />
137-->[com.google.firebase:firebase-auth:21.0.1] AndroidManifest.xml:36:17-76
137-->[com.google.firebase:firebase-auth:21.0.1] AndroidManifest.xml:36:27-73
138            </intent-filter>
139        </service>
140        <service
140-->[com.google.firebase:firebase-auth:21.0.1] AndroidManifest.xml:74:9-80:19
141            android:name="com.google.firebase.components.ComponentDiscoveryService"
141-->[com.google.firebase:firebase-auth:21.0.1] AndroidManifest.xml:75:13-84
142            android:directBootAware="true"
142-->[com.google.firebase:firebase-common:20.0.0] AndroidManifest.xml:35:13-43
143            android:exported="false" >
143-->[com.google.firebase:firebase-auth:21.0.1] AndroidManifest.xml:76:13-37
144            <meta-data
144-->[com.google.firebase:firebase-auth:21.0.1] AndroidManifest.xml:77:13-79:85
145                android:name="com.google.firebase.components:com.google.firebase.auth.FirebaseAuthRegistrar"
145-->[com.google.firebase:firebase-auth:21.0.1] AndroidManifest.xml:78:17-109
146                android:value="com.google.firebase.components.ComponentRegistrar" />
146-->[com.google.firebase:firebase-auth:21.0.1] AndroidManifest.xml:79:17-82
147            <meta-data
147-->[com.google.firebase:firebase-firestore:24.0.1] AndroidManifest.xml:20:13-22:85
148                android:name="com.google.firebase.components:com.google.firebase.firestore.FirestoreRegistrar"
148-->[com.google.firebase:firebase-firestore:24.0.1] AndroidManifest.xml:21:17-111
149                android:value="com.google.firebase.components.ComponentRegistrar" />
149-->[com.google.firebase:firebase-firestore:24.0.1] AndroidManifest.xml:22:17-82
150        </service>
151
152        <activity
152-->[com.google.android.gms:play-services-base:17.1.0] AndroidManifest.xml:23:9-26:75
153            android:name="com.google.android.gms.common.api.GoogleApiActivity"
153-->[com.google.android.gms:play-services-base:17.1.0] AndroidManifest.xml:24:13-79
154            android:exported="false"
154-->[com.google.android.gms:play-services-base:17.1.0] AndroidManifest.xml:25:13-37
155            android:theme="@android:style/Theme.Translucent.NoTitleBar" />
155-->[com.google.android.gms:play-services-base:17.1.0] AndroidManifest.xml:26:13-72
156
157        <provider
157-->[com.google.firebase:firebase-common:20.0.0] AndroidManifest.xml:26:9-31:39
158            android:name="com.google.firebase.provider.FirebaseInitProvider"
158-->[com.google.firebase:firebase-common:20.0.0] AndroidManifest.xml:27:13-77
159            android:authorities="ws.billy.app.firebaseinitprovider"
159-->[com.google.firebase:firebase-common:20.0.0] AndroidManifest.xml:28:13-72
160            android:directBootAware="true"
160-->[com.google.firebase:firebase-common:20.0.0] AndroidManifest.xml:29:13-43
161            android:exported="false"
161-->[com.google.firebase:firebase-common:20.0.0] AndroidManifest.xml:30:13-37
162            android:initOrder="100" />
162-->[com.google.firebase:firebase-common:20.0.0] AndroidManifest.xml:31:13-36
163    </application>
164
165</manifest>